<?xml version="1.0" encoding="UTF-8"?>
<testsuite xmlns:xsi="http://www.w3.org/2001/XMLSchema-instance" xsi:noNamespaceSchemaLocation="https://maven.apache.org/surefire/maven-surefire-plugin/xsd/surefire-test-report.xsd" name="com.arshpace.musicrawler.AppTest" time="22.002" tests="2" errors="0" skipped="0" failures="0">
  <properties>
[...]
</properties>
  <testcase name="showAllSongsFromFirstAlbumFromArtist" classname="com.arshpace.musicrawler.AppTest" time="21.976"/>
  <testcase name="jsoupParseFails" classname="com.arshpace.musicrawler.AppTest" time="0"/>
</testsuite>